<?xml version="1.0" encoding="UTF-8"?>
<!-- Generated by org.testng.reporters.JUnitXMLReporter -->
<testsuite ignored="0" hostname="CHIKU" failures="0" tests="6" name="Default test" time="23.602" errors="0" timestamp="2024-06-10T13:08:26 IST">
  <testcase classname="advanceselenium.tolearnTestng" name="amazon" time="9.101"/>
  <testcase classname="advanceselenium.tolearnTestng" name="bascinrubben" time="7.137"/>
  <testcase classname="advanceselenium.tolearnTestng" name="bascinrubben" time="7.961"/>
  <testcase classname="advanceselenium.tolearnTestng" name="bascinrubben" time="8.021"/>
  <testcase classname="advanceselenium.tolearnTestng" name="cricbuzz" time="6.174"/>
  <testcase classname="advanceselenium.tolearnTestng" name="cricbuzz" time="6.43"/>
</testsuite> <!-- Default test -->
