<?xml version="1.0" encoding="UTF-8"?>
<!-- Generated by org.testng.reporters.JUnitXMLReporter -->
<testsuite ignored="0" hostname="CHIKU" failures="0" tests="6" name="Default test" time="54.091" errors="0" timestamp="2024-05-11T10:16:06 IST">
  <testcase classname="advanceselenium.tolearnTestng" name="cricbuzz" time="9.292"/>
  <testcase classname="advanceselenium.tolearnTestng" name="cricbuzz" time="27.911"/>
  <testcase classname="advanceselenium.tolearnTestng" name="bascinrubben" time="6.219"/>
  <testcase classname="advanceselenium.tolearnTestng" name="amazon" time="3.736"/>
  <testcase classname="advanceselenium.tolearnTestng" name="amazon" time="3.235"/>
  <testcase classname="advanceselenium.tolearnTestng" name="amazon" time="3.653"/>
</testsuite> <!-- Default test -->
