<?xml version="1.0" encoding="UTF-8"?>
<testng-results ignored="0" total="6" passed="6" failed="0" skipped="0">
  <reporter-output>
    <line>
      <![CDATA[amazon got tested.]]>
    </line>
    <line>
      <![CDATA[bascinrobben tested succesfully.]]>
    </line>
    <line>
      <![CDATA[bascinrobben tested succesfully.]]>
    </line>
    <line>
      <![CDATA[bascinrobben tested succesfully.]]>
    </line>
    <line>
      <![CDATA[cricbuzz got tested.]]>
    </line>
    <line>
      <![CDATA[cricbuzz got tested.]]>
    </line>
  </reporter-output>
  <suite started-at="2024-06-10T13:08:02 IST" name="Default suite" finished-at="2024-06-10T13:08:26 IST" duration-ms="23602">
    <groups>
    </groups>
    <test started-at="2024-06-10T13:08:02 IST" name="Default test" finished-at="2024-06-10T13:08:26 IST" duration-ms="23602">
      <class name="advanceselenium.tolearnTestng">
        <test-method signature="amazon()[pri:0, instance:advanceselenium.tolearnTestng@6580cfdd]" started-at="2024-06-10T13:08:02 IST" name="amazon" finished-at="2024-06-10T13:08:11 IST" duration-ms="9101" status="PASS">
          <reporter-output>
            <line>
              <![CDATA[amazon got tested.]]>
            </line>
          </reporter-output>
        </test-method> <!-- amazon -->
        <test-method signature="bascinrubben()[pri:0, instance:advanceselenium.tolearnTestng@6580cfdd]" started-at="2024-06-10T13:08:11 IST" name="bascinrubben" finished-at="2024-06-10T13:08:19 IST" duration-ms="8021" status="PASS">
          <reporter-output>
            <line>
              <![CDATA[bascinrobben tested succesfully.]]>
            </line>
          </reporter-output>
        </test-method> <!-- bascinrubben -->
        <test-method signature="bascinrubben()[pri:0, instance:advanceselenium.tolearnTestng@6580cfdd]" started-at="2024-06-10T13:08:11 IST" name="bascinrubben" finished-at="2024-06-10T13:08:18 IST" duration-ms="7137" status="PASS">
          <reporter-output>
            <line>
              <![CDATA[bascinrobben tested succesfully.]]>
            </line>
          </reporter-output>
        </test-method> <!-- bascinrubben -->
        <test-method signature="bascinrubben()[pri:0, instance:advanceselenium.tolearnTestng@6580cfdd]" started-at="2024-06-10T13:08:11 IST" name="bascinrubben" finished-at="2024-06-10T13:08:19 IST" duration-ms="7961" status="PASS">
          <reporter-output>
            <line>
              <![CDATA[bascinrobben tested succesfully.]]>
            </line>
          </reporter-output>
        </test-method> <!-- bascinrubben -->
        <test-method signature="cricbuzz()[pri:0, instance:advanceselenium.tolearnTestng@6580cfdd]" started-at="2024-06-10T13:08:19 IST" name="cricbuzz" finished-at="2024-06-10T13:08:26 IST" duration-ms="6430" status="PASS">
          <reporter-output>
            <line>
              <![CDATA[cricbuzz got tested.]]>
            </line>
          </reporter-output>
        </test-method> <!-- cricbuzz -->
        <test-method signature="cricbuzz()[pri:0, instance:advanceselenium.tolearnTestng@6580cfdd]" started-at="2024-06-10T13:08:19 IST" name="cricbuzz" finished-at="2024-06-10T13:08:25 IST" duration-ms="6174" status="PASS">
          <reporter-output>
            <line>
              <![CDATA[cricbuzz got tested.]]>
            </line>
          </reporter-output>
        </test-method> <!-- cricbuzz -->
      </class> <!-- advanceselenium.tolearnTestng -->
    </test> <!-- Default test -->
  </suite> <!-- Default suite -->
</testng-results>
