<?xml version="1.0" encoding="UTF-8"?>
<!-- Generated by org.testng.reporters.JUnitXMLReporter -->
<testsuite ignored="3" hostname="CHIKU" failures="0" tests="2" name="Test" time="89.292" errors="0" timestamp="2024-05-11T12:55:04 IST">
  <testcase classname="bikes.tolunchharley" name="harley" time="29.005"/>
  <testcase classname="bikes.tolunchHayabhusa" name="hayabhusa" time="60.25"/>
  <testcase classname="bikes.tolunchRoyalenfield" name="royalenfield" time="0.0">
    <ignored/>
  </testcase> <!-- royalenfield -->
  <testcase classname="bikes.tolunchRR310" name="RR310" time="0.0">
    <ignored/>
  </testcase> <!-- RR310 -->
  <testcase classname="bikes.tolunchKtm" name="ktm" time="0.0">
    <ignored/>
  </testcase> <!-- ktm -->
</testsuite> <!-- Test -->
